[INFO ] 2026-04-22 12:11:07.001 [main] Login - Launching the browser
[ERROR] 2026-04-22 12:11:07.493 [main] Login - Invalid search orange
[DEBUG] 2026-04-22 12:11:07.791 [main] PackageRelationshipCollection - Parsing relationship: /xl/_rels/workbook.xml.rels
[DEBUG] 2026-04-22 12:11:07.797 [main] PackageRelationshipCollection - Parsing relationship: /xl/worksheets/_rels/sheet1.xml.rels
[DEBUG] 2026-04-22 12:11:07.801 [main] PackageRelationshipCollection - Parsing relationship: /_rels/.rels
[INFO ] 2026-04-22 12:11:12.989 [TestNG-PoolService-1] Login - Launching the browser
[INFO ] 2026-04-22 12:11:21.093 [main] Login - Launching the browser
[INFO ] 2026-04-22 12:11:21.833 [main] Login - Searched Successfully
[DEBUG] 2026-04-22 12:11:22.375 [main] PackageRelationshipCollection - Parsing relationship: /xl/_rels/workbook.xml.rels
[DEBUG] 2026-04-22 12:11:22.381 [main] PackageRelationshipCollection - Parsing relationship: /xl/worksheets/_rels/sheet1.xml.rels
[DEBUG] 2026-04-22 12:11:22.385 [main] PackageRelationshipCollection - Parsing relationship: /_rels/.rels
[INFO ] 2026-04-22 12:11:25.521 [TestNG-PoolService-1] Login - Launching the browser
[INFO ] 2026-04-22 12:11:28.391 [TestNG-PoolService-1] Login - Logging in
[INFO ] 2026-04-22 12:22:28.689 [main] Login - Launching the browser
[DEBUG] 2026-04-22 12:22:29.478 [main] PackageRelationshipCollection - Parsing relationship: /xl/_rels/workbook.xml.rels
[DEBUG] 2026-04-22 12:22:29.481 [main] PackageRelationshipCollection - Parsing relationship: /xl/worksheets/_rels/sheet1.xml.rels
[DEBUG] 2026-04-22 12:22:29.483 [main] PackageRelationshipCollection - Parsing relationship: /_rels/.rels
[INFO ] 2026-04-22 12:22:32.655 [TestNG-PoolService-1] Login - Launching the browser
[INFO ] 2026-04-22 12:22:37.503 [main] Login - Launching the browser
[INFO ] 2026-04-22 12:22:38.013 [main] Login - Searched Successfully
[DEBUG] 2026-04-22 12:22:38.158 [main] PackageRelationshipCollection - Parsing relationship: /xl/_rels/workbook.xml.rels
[DEBUG] 2026-04-22 12:22:38.159 [main] PackageRelationshipCollection - Parsing relationship: /xl/worksheets/_rels/sheet1.xml.rels
[DEBUG] 2026-04-22 12:22:38.160 [main] PackageRelationshipCollection - Parsing relationship: /_rels/.rels
[INFO ] 2026-04-22 12:22:40.701 [TestNG-PoolService-1] Login - Launching the browser
[INFO ] 2026-04-22 12:22:42.597 [TestNG-PoolService-1] Login - Logging in
[INFO ] 2026-04-22 12:30:48.504 [main] Login - Launching the browser
[DEBUG] 2026-04-22 12:30:49.359 [main] PackageRelationshipCollection - Parsing relationship: /xl/_rels/workbook.xml.rels
[DEBUG] 2026-04-22 12:30:49.361 [main] PackageRelationshipCollection - Parsing relationship: /xl/worksheets/_rels/sheet1.xml.rels
[DEBUG] 2026-04-22 12:30:49.363 [main] PackageRelationshipCollection - Parsing relationship: /_rels/.rels
[INFO ] 2026-04-22 12:30:52.204 [TestNG-PoolService-1] Login - Launching the browser
[WARN ] 2026-04-22 12:30:53.899 [TestNG-PoolService-1] Login - Wrong username
[INFO ] 2026-04-22 12:30:56.857 [main] Login - Launching the browser
[INFO ] 2026-04-22 12:30:57.327 [main] Login - Searched Successfully
[DEBUG] 2026-04-22 12:30:57.495 [main] PackageRelationshipCollection - Parsing relationship: /xl/_rels/workbook.xml.rels
[DEBUG] 2026-04-22 12:30:57.496 [main] PackageRelationshipCollection - Parsing relationship: /xl/worksheets/_rels/sheet1.xml.rels
[DEBUG] 2026-04-22 12:30:57.497 [main] PackageRelationshipCollection - Parsing relationship: /_rels/.rels
[INFO ] 2026-04-22 12:31:01.267 [TestNG-PoolService-1] Login - Launching the browser
[INFO ] 2026-04-22 12:31:06.627 [TestNG-PoolService-1] Login - Logging in
[INFO ] 2026-04-22 12:32:32.688 [main] Login - Launching the browser
[DEBUG] 2026-04-22 12:32:33.581 [main] PackageRelationshipCollection - Parsing relationship: /xl/_rels/workbook.xml.rels
[DEBUG] 2026-04-22 12:32:33.583 [main] PackageRelationshipCollection - Parsing relationship: /xl/worksheets/_rels/sheet1.xml.rels
[DEBUG] 2026-04-22 12:32:33.586 [main] PackageRelationshipCollection - Parsing relationship: /_rels/.rels
[INFO ] 2026-04-22 12:32:36.701 [TestNG-PoolService-1] Login - Launching the browser
[INFO ] 2026-04-22 12:32:41.169 [main] Login - Launching the browser
[INFO ] 2026-04-22 12:32:41.570 [main] Login - Searched Successfully
[DEBUG] 2026-04-22 12:32:41.731 [main] PackageRelationshipCollection - Parsing relationship: /xl/_rels/workbook.xml.rels
[DEBUG] 2026-04-22 12:32:41.732 [main] PackageRelationshipCollection - Parsing relationship: /xl/worksheets/_rels/sheet1.xml.rels
[DEBUG] 2026-04-22 12:32:41.732 [main] PackageRelationshipCollection - Parsing relationship: /_rels/.rels
[INFO ] 2026-04-22 12:32:44.268 [TestNG-PoolService-1] Login - Launching the browser
[INFO ] 2026-04-22 12:32:46.087 [TestNG-PoolService-1] Login - Logging in
[INFO ] 2026-04-22 12:35:48.357 [main] Login - Launching the browser
[DEBUG] 2026-04-22 12:35:49.197 [main] PackageRelationshipCollection - Parsing relationship: /xl/_rels/workbook.xml.rels
[DEBUG] 2026-04-22 12:35:49.199 [main] PackageRelationshipCollection - Parsing relationship: /xl/worksheets/_rels/sheet1.xml.rels
[DEBUG] 2026-04-22 12:35:49.201 [main] PackageRelationshipCollection - Parsing relationship: /_rels/.rels
[INFO ] 2026-04-22 12:35:52.130 [main] Login - Launching the browser
[INFO ] 2026-04-22 12:35:56.515 [main] Login - Launching the browser
[INFO ] 2026-04-22 12:35:56.957 [main] Login - Searched Successfully
[DEBUG] 2026-04-22 12:35:57.109 [main] PackageRelationshipCollection - Parsing relationship: /xl/_rels/workbook.xml.rels
[DEBUG] 2026-04-22 12:35:57.110 [main] PackageRelationshipCollection - Parsing relationship: /xl/worksheets/_rels/sheet1.xml.rels
[DEBUG] 2026-04-22 12:35:57.111 [main] PackageRelationshipCollection - Parsing relationship: /_rels/.rels
[INFO ] 2026-04-22 12:35:59.872 [main] Login - Launching the browser
[INFO ] 2026-04-22 12:36:02.177 [main] Login - Logging in
[INFO ] 2026-04-22 12:39:52.613 [main] Login - Launching the browser
[DEBUG] 2026-04-22 12:39:53.389 [main] PackageRelationshipCollection - Parsing relationship: /xl/_rels/workbook.xml.rels
[DEBUG] 2026-04-22 12:39:53.392 [main] PackageRelationshipCollection - Parsing relationship: /xl/worksheets/_rels/sheet1.xml.rels
[DEBUG] 2026-04-22 12:39:53.393 [main] PackageRelationshipCollection - Parsing relationship: /_rels/.rels
[INFO ] 2026-04-22 12:39:56.281 [main] Login - Launching the browser
[INFO ] 2026-04-22 12:40:00.818 [main] Login - Launching the browser
[INFO ] 2026-04-22 12:40:01.532 [main] Login - Searched Successfully
[DEBUG] 2026-04-22 12:40:01.678 [main] PackageRelationshipCollection - Parsing relationship: /xl/_rels/workbook.xml.rels
[DEBUG] 2026-04-22 12:40:01.679 [main] PackageRelationshipCollection - Parsing relationship: /xl/worksheets/_rels/sheet1.xml.rels
[DEBUG] 2026-04-22 12:40:01.680 [main] PackageRelationshipCollection - Parsing relationship: /_rels/.rels
[INFO ] 2026-04-22 12:40:05.164 [main] Login - Launching the browser
[INFO ] 2026-04-22 12:40:12.868 [main] Login - Logging in
[INFO ] 2026-04-22 12:42:56.736 [main] Login - Launching the browser
[DEBUG] 2026-04-22 12:42:57.488 [main] PackageRelationshipCollection - Parsing relationship: /xl/_rels/workbook.xml.rels
[DEBUG] 2026-04-22 12:42:57.493 [main] PackageRelationshipCollection - Parsing relationship: /xl/worksheets/_rels/sheet1.xml.rels
[DEBUG] 2026-04-22 12:42:57.495 [main] PackageRelationshipCollection - Parsing relationship: /_rels/.rels
[INFO ] 2026-04-22 12:43:00.252 [main] Login - Launching the browser
[INFO ] 2026-04-22 12:43:04.738 [main] Login - Launching the browser
[INFO ] 2026-04-22 12:43:05.264 [main] Login - Searched Successfully
[DEBUG] 2026-04-22 12:43:05.395 [main] PackageRelationshipCollection - Parsing relationship: /xl/_rels/workbook.xml.rels
[DEBUG] 2026-04-22 12:43:05.396 [main] PackageRelationshipCollection - Parsing relationship: /xl/worksheets/_rels/sheet1.xml.rels
[DEBUG] 2026-04-22 12:43:05.397 [main] PackageRelationshipCollection - Parsing relationship: /_rels/.rels
[INFO ] 2026-04-22 12:43:09.718 [main] Login - Launching the browser
[INFO ] 2026-04-22 12:43:13.001 [main] Login - Logging in
[INFO ] 2026-04-22 14:08:37.491 [main] Login - Launching the browser
[DEBUG] 2026-04-22 14:09:01.105 [main] PackageRelationshipCollection - Parsing relationship: /xl/_rels/workbook.xml.rels
[DEBUG] 2026-04-22 14:09:01.107 [main] PackageRelationshipCollection - Parsing relationship: /xl/worksheets/_rels/sheet1.xml.rels
[DEBUG] 2026-04-22 14:09:01.109 [main] PackageRelationshipCollection - Parsing relationship: /_rels/.rels
[INFO ] 2026-04-22 14:09:06.591 [main] Login - Launching the browser
[INFO ] 2026-04-22 14:09:08.231 [main] Login - Launching the browser
[DEBUG] 2026-04-22 14:09:09.938 [main] PackageRelationshipCollection - Parsing relationship: /xl/_rels/workbook.xml.rels
[DEBUG] 2026-04-22 14:09:09.947 [main] PackageRelationshipCollection - Parsing relationship: /xl/worksheets/_rels/sheet1.xml.rels
[DEBUG] 2026-04-22 14:09:09.955 [main] PackageRelationshipCollection - Parsing relationship: /_rels/.rels
[WARN ] 2026-04-22 14:09:12.987 [main] Login - Wrong username
[INFO ] 2026-04-22 14:09:13.799 [main] Login - Launching the browser
[INFO ] 2026-04-22 14:09:16.228 [main] Login - Launching the browser
[INFO ] 2026-04-22 14:09:17.152 [main] Login - Searched Successfully
[DEBUG] 2026-04-22 14:09:18.272 [main] PackageRelationshipCollection - Parsing relationship: /xl/_rels/workbook.xml.rels
[DEBUG] 2026-04-22 14:09:18.274 [main] PackageRelationshipCollection - Parsing relationship: /xl/worksheets/_rels/sheet1.xml.rels
[DEBUG] 2026-04-22 14:09:18.274 [main] PackageRelationshipCollection - Parsing relationship: /_rels/.rels
[INFO ] 2026-04-22 14:09:21.393 [main] Login - Launching the browser
[INFO ] 2026-04-22 14:09:21.932 [main] Login - Launching the browser
[INFO ] 2026-04-22 14:09:23.204 [main] Login - Searched Successfully
[DEBUG] 2026-04-22 14:09:23.656 [main] PackageRelationshipCollection - Parsing relationship: /xl/_rels/workbook.xml.rels
[DEBUG] 2026-04-22 14:09:23.660 [main] PackageRelationshipCollection - Parsing relationship: /xl/worksheets/_rels/sheet1.xml.rels
[DEBUG] 2026-04-22 14:09:23.664 [main] PackageRelationshipCollection - Parsing relationship: /_rels/.rels
[INFO ] 2026-04-22 14:09:26.135 [main] Login - Launching the browser
[INFO ] 2026-04-22 14:09:26.222 [main] Login - Logging in
[INFO ] 2026-04-22 14:09:28.328 [main] Login - Logging in
[INFO ] 2026-04-22 14:11:04.323 [main] Login - Launching the browser
[DEBUG] 2026-04-22 14:11:05.731 [main] PackageRelationshipCollection - Parsing relationship: /xl/_rels/workbook.xml.rels
[DEBUG] 2026-04-22 14:11:05.734 [main] PackageRelationshipCollection - Parsing relationship: /xl/worksheets/_rels/sheet1.xml.rels
[DEBUG] 2026-04-22 14:11:05.736 [main] PackageRelationshipCollection - Parsing relationship: /_rels/.rels
[INFO ] 2026-04-22 14:11:08.476 [main] Login - Launching the browser
[DEBUG] 2026-04-22 14:12:10.234 [main] PackageRelationshipCollection - Parsing relationship: /xl/_rels/workbook.xml.rels
[DEBUG] 2026-04-22 14:12:10.238 [main] PackageRelationshipCollection - Parsing relationship: /xl/worksheets/_rels/sheet1.xml.rels
[DEBUG] 2026-04-22 14:12:10.241 [main] PackageRelationshipCollection - Parsing relationship: /_rels/.rels
[INFO ] 2026-04-22 14:12:13.319 [main] Login - Launching the browser
[INFO ] 2026-04-22 14:12:14.905 [main] Login - Logging in
[DEBUG] 2026-04-22 14:13:38.831 [main] PackageRelationshipCollection - Parsing relationship: /xl/_rels/workbook.xml.rels
[DEBUG] 2026-04-22 14:13:38.836 [main] PackageRelationshipCollection - Parsing relationship: /xl/worksheets/_rels/sheet1.xml.rels
[DEBUG] 2026-04-22 14:13:38.837 [main] PackageRelationshipCollection - Parsing relationship: /_rels/.rels
[INFO ] 2026-04-22 14:13:41.969 [main] Login - Launching the browser
[INFO ] 2026-04-22 14:13:44.552 [main] Login - Logging in
[DEBUG] 2026-04-22 14:16:15.791 [main] PackageRelationshipCollection - Parsing relationship: /xl/_rels/workbook.xml.rels
[DEBUG] 2026-04-22 14:16:15.796 [main] PackageRelationshipCollection - Parsing relationship: /xl/worksheets/_rels/sheet1.xml.rels
[DEBUG] 2026-04-22 14:16:15.798 [main] PackageRelationshipCollection - Parsing relationship: /_rels/.rels
[INFO ] 2026-04-22 14:16:18.932 [main] Login - Launching the browser
[INFO ] 2026-04-22 14:16:20.530 [main] Login - Logging in
[DEBUG] 2026-04-22 14:17:30.628 [main] PackageRelationshipCollection - Parsing relationship: /xl/_rels/workbook.xml.rels
[DEBUG] 2026-04-22 14:17:30.633 [main] PackageRelationshipCollection - Parsing relationship: /xl/worksheets/_rels/sheet1.xml.rels
[DEBUG] 2026-04-22 14:17:30.634 [main] PackageRelationshipCollection - Parsing relationship: /_rels/.rels
[INFO ] 2026-04-22 14:17:33.784 [main] Login - Launching the browser
[INFO ] 2026-04-22 14:17:35.866 [main] Login - Logging in
[DEBUG] 2026-04-22 14:22:17.231 [main] PackageRelationshipCollection - Parsing relationship: /xl/_rels/workbook.xml.rels
[DEBUG] 2026-04-22 14:22:17.235 [main] PackageRelationshipCollection - Parsing relationship: /xl/worksheets/_rels/sheet1.xml.rels
[DEBUG] 2026-04-22 14:22:17.236 [main] PackageRelationshipCollection - Parsing relationship: /_rels/.rels
[INFO ] 2026-04-22 14:22:20.202 [main] Login - Launching the browser
[INFO ] 2026-04-22 14:22:21.772 [main] Login - Logging in
[DEBUG] 2026-04-22 14:22:46.746 [main] PackageRelationshipCollection - Parsing relationship: /xl/_rels/workbook.xml.rels
[DEBUG] 2026-04-22 14:22:46.750 [main] PackageRelationshipCollection - Parsing relationship: /xl/worksheets/_rels/sheet1.xml.rels
[DEBUG] 2026-04-22 14:22:46.752 [main] PackageRelationshipCollection - Parsing relationship: /_rels/.rels
[INFO ] 2026-04-22 14:22:50.405 [main] Login - Launching the browser
[DEBUG] 2026-04-22 14:23:39.499 [main] PackageRelationshipCollection - Parsing relationship: /xl/_rels/workbook.xml.rels
[DEBUG] 2026-04-22 14:23:39.503 [main] PackageRelationshipCollection - Parsing relationship: /xl/worksheets/_rels/sheet1.xml.rels
[DEBUG] 2026-04-22 14:23:39.504 [main] PackageRelationshipCollection - Parsing relationship: /_rels/.rels
[INFO ] 2026-04-22 14:23:43.630 [main] Login - Launching the browser
[INFO ] 2026-04-22 14:23:46.276 [main] Login - Logging in
[DEBUG] 2026-04-22 14:28:50.541 [main] PackageRelationshipCollection - Parsing relationship: /xl/_rels/workbook.xml.rels
[DEBUG] 2026-04-22 14:28:50.545 [main] PackageRelationshipCollection - Parsing relationship: /xl/worksheets/_rels/sheet1.xml.rels
[DEBUG] 2026-04-22 14:28:50.548 [main] PackageRelationshipCollection - Parsing relationship: /_rels/.rels
[INFO ] 2026-04-22 14:28:53.852 [main] Login - Launching the browser
[DEBUG] 2026-04-22 14:29:12.081 [main] PackageRelationshipCollection - Parsing relationship: /xl/_rels/workbook.xml.rels
[DEBUG] 2026-04-22 14:29:12.084 [main] PackageRelationshipCollection - Parsing relationship: /xl/worksheets/_rels/sheet1.xml.rels
[DEBUG] 2026-04-22 14:29:12.086 [main] PackageRelationshipCollection - Parsing relationship: /_rels/.rels
[INFO ] 2026-04-22 14:29:15.020 [main] Login - Launching the browser
[DEBUG] 2026-04-22 14:29:49.843 [main] PackageRelationshipCollection - Parsing relationship: /xl/_rels/workbook.xml.rels
[DEBUG] 2026-04-22 14:29:49.846 [main] PackageRelationshipCollection - Parsing relationship: /xl/worksheets/_rels/sheet1.xml.rels
[DEBUG] 2026-04-22 14:29:49.848 [main] PackageRelationshipCollection - Parsing relationship: /_rels/.rels
[INFO ] 2026-04-22 14:29:52.700 [main] Login - Launching the browser
[INFO ] 2026-04-22 14:29:54.516 [main] Login - Logging in
[DEBUG] 2026-04-22 14:30:19.327 [main] PackageRelationshipCollection - Parsing relationship: /xl/_rels/workbook.xml.rels
[DEBUG] 2026-04-22 14:30:19.330 [main] PackageRelationshipCollection - Parsing relationship: /xl/worksheets/_rels/sheet1.xml.rels
[DEBUG] 2026-04-22 14:30:19.331 [main] PackageRelationshipCollection - Parsing relationship: /_rels/.rels
[INFO ] 2026-04-22 14:30:22.524 [main] Login - Launching the browser
[INFO ] 2026-04-22 14:30:29.504 [main] Login - Logging in
[DEBUG] 2026-04-22 14:31:27.164 [main] PackageRelationshipCollection - Parsing relationship: /xl/_rels/workbook.xml.rels
[DEBUG] 2026-04-22 14:31:27.167 [main] PackageRelationshipCollection - Parsing relationship: /xl/worksheets/_rels/sheet1.xml.rels
[DEBUG] 2026-04-22 14:31:27.168 [main] PackageRelationshipCollection - Parsing relationship: /_rels/.rels
[INFO ] 2026-04-22 14:31:30.308 [main] Login - Launching the browser
[INFO ] 2026-04-22 14:31:33.216 [main] Login - Logging in
[DEBUG] 2026-04-22 14:31:43.190 [main] PackageRelationshipCollection - Parsing relationship: /xl/_rels/workbook.xml.rels
[DEBUG] 2026-04-22 14:31:43.193 [main] PackageRelationshipCollection - Parsing relationship: /xl/worksheets/_rels/sheet1.xml.rels
[DEBUG] 2026-04-22 14:31:43.194 [main] PackageRelationshipCollection - Parsing relationship: /_rels/.rels
[INFO ] 2026-04-22 14:31:47.126 [main] Login - Launching the browser
[INFO ] 2026-04-22 14:31:49.138 [main] Login - Logging in
[DEBUG] 2026-04-22 14:32:47.947 [main] PackageRelationshipCollection - Parsing relationship: /xl/_rels/workbook.xml.rels
[DEBUG] 2026-04-22 14:32:47.950 [main] PackageRelationshipCollection - Parsing relationship: /xl/worksheets/_rels/sheet1.xml.rels
[DEBUG] 2026-04-22 14:32:47.952 [main] PackageRelationshipCollection - Parsing relationship: /_rels/.rels
[INFO ] 2026-04-22 14:32:50.968 [main] Login - Launching the browser
[DEBUG] 2026-04-22 14:32:52.707 [main] PackageRelationshipCollection - Parsing relationship: /xl/_rels/workbook.xml.rels
[DEBUG] 2026-04-22 14:32:52.709 [main] PackageRelationshipCollection - Parsing relationship: /xl/worksheets/_rels/sheet1.xml.rels
[DEBUG] 2026-04-22 14:32:52.710 [main] PackageRelationshipCollection - Parsing relationship: /_rels/.rels
[INFO ] 2026-04-22 14:32:55.158 [main] Login - Launching the browser
[INFO ] 2026-04-22 14:32:56.726 [main] Login - Logging in
[DEBUG] 2026-04-22 14:35:42.086 [main] PackageRelationshipCollection - Parsing relationship: /xl/_rels/workbook.xml.rels
[DEBUG] 2026-04-22 14:35:42.090 [main] PackageRelationshipCollection - Parsing relationship: /xl/worksheets/_rels/sheet1.xml.rels
[DEBUG] 2026-04-22 14:35:42.092 [main] PackageRelationshipCollection - Parsing relationship: /_rels/.rels
[INFO ] 2026-04-22 14:35:46.330 [main] Login - Launching the browser
[INFO ] 2026-04-22 14:35:49.687 [main] Login - Logging in
[DEBUG] 2026-04-28 09:52:39.554 [main] PackageRelationshipCollection - Parsing relationship: /xl/_rels/workbook.xml.rels
[DEBUG] 2026-04-28 09:52:39.563 [main] PackageRelationshipCollection - Parsing relationship: /xl/worksheets/_rels/sheet1.xml.rels
[DEBUG] 2026-04-28 09:52:39.565 [main] PackageRelationshipCollection - Parsing relationship: /xl/worksheets/_rels/sheet2.xml.rels
[DEBUG] 2026-04-28 09:52:39.568 [main] PackageRelationshipCollection - Parsing relationship: /_rels/.rels
[INFO ] 2026-04-28 09:52:40.301 [main] LoginDemo - Browser Initializing
[DEBUG] 2026-04-28 09:52:46.177 [main] PackageRelationshipCollection - Parsing relationship: /xl/_rels/workbook.xml.rels
[DEBUG] 2026-04-28 09:52:46.177 [main] PackageRelationshipCollection - Parsing relationship: /xl/worksheets/_rels/sheet1.xml.rels
[DEBUG] 2026-04-28 09:52:46.179 [main] PackageRelationshipCollection - Parsing relationship: /xl/worksheets/_rels/sheet2.xml.rels
[DEBUG] 2026-04-28 09:52:46.180 [main] PackageRelationshipCollection - Parsing relationship: /_rels/.rels
[INFO ] 2026-04-28 09:52:46.202 [TestNG-PoolService-1] LoginDemo - Browser Initializing
[INFO ] 2026-04-28 09:52:46.202 [TestNG-PoolService-2] LoginDemo - Browser Initializing
[DEBUG] 2026-04-28 09:54:44.647 [main] PackageRelationshipCollection - Parsing relationship: /xl/_rels/workbook.xml.rels
[DEBUG] 2026-04-28 09:54:44.653 [main] PackageRelationshipCollection - Parsing relationship: /xl/worksheets/_rels/sheet1.xml.rels
[DEBUG] 2026-04-28 09:54:44.655 [main] PackageRelationshipCollection - Parsing relationship: /xl/worksheets/_rels/sheet2.xml.rels
[DEBUG] 2026-04-28 09:54:44.656 [main] PackageRelationshipCollection - Parsing relationship: /_rels/.rels
[INFO ] 2026-04-28 09:54:45.326 [main] LoginDemo - Browser Initializing
[DEBUG] 2026-04-28 09:54:52.081 [main] PackageRelationshipCollection - Parsing relationship: /xl/_rels/workbook.xml.rels
[DEBUG] 2026-04-28 09:54:52.083 [main] PackageRelationshipCollection - Parsing relationship: /xl/worksheets/_rels/sheet1.xml.rels
[DEBUG] 2026-04-28 09:54:52.086 [main] PackageRelationshipCollection - Parsing relationship: /xl/worksheets/_rels/sheet2.xml.rels
[DEBUG] 2026-04-28 09:54:52.088 [main] PackageRelationshipCollection - Parsing relationship: /_rels/.rels
[INFO ] 2026-04-28 09:54:52.134 [TestNG-PoolService-2] LoginDemo - Browser Initializing
[INFO ] 2026-04-28 09:54:52.135 [TestNG-PoolService-1] LoginDemo - Browser Initializing
[DEBUG] 2026-04-28 10:26:17.158 [main] PackageRelationshipCollection - Parsing relationship: /xl/_rels/workbook.xml.rels
[DEBUG] 2026-04-28 10:26:17.161 [main] PackageRelationshipCollection - Parsing relationship: /xl/worksheets/_rels/sheet1.xml.rels
[DEBUG] 2026-04-28 10:26:17.162 [main] PackageRelationshipCollection - Parsing relationship: /xl/worksheets/_rels/sheet2.xml.rels
[DEBUG] 2026-04-28 10:26:17.163 [main] PackageRelationshipCollection - Parsing relationship: /_rels/.rels
[INFO ] 2026-04-28 10:26:17.475 [main] LoginDemo - Browser Initializing
[DEBUG] 2026-04-28 10:26:21.366 [main] PackageRelationshipCollection - Parsing relationship: /xl/_rels/workbook.xml.rels
[DEBUG] 2026-04-28 10:26:21.368 [main] PackageRelationshipCollection - Parsing relationship: /xl/worksheets/_rels/sheet1.xml.rels
[DEBUG] 2026-04-28 10:26:21.369 [main] PackageRelationshipCollection - Parsing relationship: /xl/worksheets/_rels/sheet2.xml.rels
[DEBUG] 2026-04-28 10:26:21.370 [main] PackageRelationshipCollection - Parsing relationship: /_rels/.rels
[INFO ] 2026-04-28 10:26:21.393 [TestNG-PoolService-1] LoginDemo - Browser Initializing
[INFO ] 2026-04-28 10:26:21.393 [TestNG-PoolService-2] LoginDemo - Browser Initializing
[DEBUG] 2026-04-28 10:32:46.169 [main] PackageRelationshipCollection - Parsing relationship: /xl/_rels/workbook.xml.rels
[DEBUG] 2026-04-28 10:32:46.174 [main] PackageRelationshipCollection - Parsing relationship: /xl/worksheets/_rels/sheet1.xml.rels
[DEBUG] 2026-04-28 10:32:46.176 [main] PackageRelationshipCollection - Parsing relationship: /xl/worksheets/_rels/sheet2.xml.rels
[DEBUG] 2026-04-28 10:32:46.177 [main] PackageRelationshipCollection - Parsing relationship: /_rels/.rels
[INFO ] 2026-04-28 10:32:46.559 [main] LoginDemo - Browser Initializing
[DEBUG] 2026-04-28 10:32:52.539 [main] PackageRelationshipCollection - Parsing relationship: /xl/_rels/workbook.xml.rels
[DEBUG] 2026-04-28 10:32:52.540 [main] PackageRelationshipCollection - Parsing relationship: /xl/worksheets/_rels/sheet1.xml.rels
[DEBUG] 2026-04-28 10:32:52.541 [main] PackageRelationshipCollection - Parsing relationship: /xl/worksheets/_rels/sheet2.xml.rels
[DEBUG] 2026-04-28 10:32:52.541 [main] PackageRelationshipCollection - Parsing relationship: /_rels/.rels
[INFO ] 2026-04-28 10:32:52.557 [TestNG-PoolService-2] LoginDemo - Browser Initializing
[INFO ] 2026-04-28 10:32:52.557 [TestNG-PoolService-1] LoginDemo - Browser Initializing
[DEBUG] 2026-04-28 10:37:23.657 [main] PackageRelationshipCollection - Parsing relationship: /xl/_rels/workbook.xml.rels
[DEBUG] 2026-04-28 10:37:23.661 [main] PackageRelationshipCollection - Parsing relationship: /xl/worksheets/_rels/sheet1.xml.rels
[DEBUG] 2026-04-28 10:37:23.663 [main] PackageRelationshipCollection - Parsing relationship: /xl/worksheets/_rels/sheet2.xml.rels
[DEBUG] 2026-04-28 10:37:23.664 [main] PackageRelationshipCollection - Parsing relationship: /_rels/.rels
[INFO ] 2026-04-28 10:37:24.059 [main] LoginDemo - Browser Initializing
[DEBUG] 2026-04-28 10:37:28.358 [main] PackageRelationshipCollection - Parsing relationship: /xl/_rels/workbook.xml.rels
[DEBUG] 2026-04-28 10:37:28.358 [main] PackageRelationshipCollection - Parsing relationship: /xl/worksheets/_rels/sheet1.xml.rels
[DEBUG] 2026-04-28 10:37:28.360 [main] PackageRelationshipCollection - Parsing relationship: /xl/worksheets/_rels/sheet2.xml.rels
[DEBUG] 2026-04-28 10:37:28.361 [main] PackageRelationshipCollection - Parsing relationship: /_rels/.rels
[INFO ] 2026-04-28 10:37:28.380 [TestNG-PoolService-2] LoginDemo - Browser Initializing
[INFO ] 2026-04-28 10:37:28.380 [TestNG-PoolService-1] LoginDemo - Browser Initializing
